  GLExtensions.cpp
  WinMain.cpp
c:\users\konstantin.titov\desktop\algonquin opengl\my-opengl-project\opengl loader 3\src\common\winmain.cpp(191): warning C4838: conversion from 'int' to 'BYTE' requires a narrowing conversion
c:\users\konstantin.titov\desktop\algonquin opengl\my-opengl-project\opengl loader 3\src\common\winmain.cpp(388): warning C4244: 'initializing': conversion from 'LONG' to 'float', possible loss of data
c:\users\konstantin.titov\desktop\algonquin opengl\my-opengl-project\opengl loader 3\src\common\winmain.cpp(389): warning C4244: 'initializing': conversion from 'LONG' to 'float', possible loss of data
  Vector.cpp
  ShaderProgram.cpp
  ShaderBase.cpp
  ResourceUtils.cpp
c:\users\konstantin.titov\desktop\algonquin opengl\my-opengl-project\opengl loader 3\src\common\resourceutils.cpp(21): warning C4996: 'strcat': This function or variable may be unsafe. Consider using strcat_s instead. To disable deprecation, use _CRT_SECURE_NO_WARNINGS. See online help for details.
  c:\program files (x86)\windows kits\10\include\10.0.10240.0\ucrt\string.h(90): note: see declaration of 'strcat'
c:\users\konstantin.titov\desktop\algonquin opengl\my-opengl-project\opengl loader 3\src\common\resourceutils.cpp(22): warning C4996: 'strcat': This function or variable may be unsafe. Consider using strcat_s instead. To disable deprecation, use _CRT_SECURE_NO_WARNINGS. See online help for details.
  c:\program files (x86)\windows kits\10\include\10.0.10240.0\ucrt\string.h(90): note: see declaration of 'strcat'
c:\users\konstantin.titov\desktop\algonquin opengl\my-opengl-project\opengl loader 3\src\common\resourceutils.cpp(23): warning C4996: 'strcat': This function or variable may be unsafe. Consider using strcat_s instead. To disable deprecation, use _CRT_SECURE_NO_WARNINGS. See online help for details.
  c:\program files (x86)\windows kits\10\include\10.0.10240.0\ucrt\string.h(90): note: see declaration of 'strcat'
c:\users\konstantin.titov\desktop\algonquin opengl\my-opengl-project\opengl loader 3\src\common\resourceutils.cpp(24): warning C4996: 'strcat': This function or variable may be unsafe. Consider using strcat_s instead. To disable deprecation, use _CRT_SECURE_NO_WARNINGS. See online help for details.
  c:\program files (x86)\windows kits\10\include\10.0.10240.0\ucrt\string.h(90): note: see declaration of 'strcat'
c:\users\konstantin.titov\desktop\algonquin opengl\my-opengl-project\opengl loader 3\src\common\resourceutils.cpp(25): warning C4996: 'strcat': This function or variable may be unsafe. Consider using strcat_s instead. To disable deprecation, use _CRT_SECURE_NO_WARNINGS. See online help for details.
  c:\program files (x86)\windows kits\10\include\10.0.10240.0\ucrt\string.h(90): note: see declaration of 'strcat'
c:\users\konstantin.titov\desktop\algonquin opengl\my-opengl-project\opengl loader 3\src\common\resourceutils.cpp(31): warning C4996: 'strcpy': This function or variable may be unsafe. Consider using strcpy_s instead. To disable deprecation, use _CRT_SECURE_NO_WARNINGS. See online help for details.
  c:\program files (x86)\windows kits\10\include\10.0.10240.0\ucrt\string.h(119): note: see declaration of 'strcpy'
  Matrix.cpp
  lodepng.cpp
c:\users\konstantin.titov\desktop\algonquin opengl\my-opengl-project\opengl loader 3\src\common\lodepng\lodepng.cpp(367): warning C4996: 'fopen': This function or variable may be unsafe. Consider using fopen_s instead. To disable deprecation, use _CRT_SECURE_NO_WARNINGS. See online help for details.
  c:\program files (x86)\windows kits\10\include\10.0.10240.0\ucrt\stdio.h(205): note: see declaration of 'fopen'
c:\users\konstantin.titov\desktop\algonquin opengl\my-opengl-project\opengl loader 3\src\common\lodepng\lodepng.cpp(390): warning C4996: 'fopen': This function or variable may be unsafe. Consider using fopen_s instead. To disable deprecation, use _CRT_SECURE_NO_WARNINGS. See online help for details.
  c:\program files (x86)\windows kits\10\include\10.0.10240.0\ucrt\stdio.h(205): note: see declaration of 'fopen'
  Helpers.cpp
c:\users\konstantin.titov\desktop\algonquin opengl\my-opengl-project\opengl loader 3\src\common\helpers.cpp(9): warning C4101: 'tempbuffer': unreferenced local variable
c:\users\konstantin.titov\desktop\algonquin opengl\my-opengl-project\opengl loader 3\src\common\helpers.cpp(69): warning C4996: 'fopen': This function or variable may be unsafe. Consider using fopen_s instead. To disable deprecation, use _CRT_SECURE_NO_WARNINGS. See online help for details.
  c:\program files (x86)\windows kits\10\include\10.0.10240.0\ucrt\stdio.h(205): note: see declaration of 'fopen'
c:\users\konstantin.titov\desktop\algonquin opengl\my-opengl-project\opengl loader 3\src\common\helpers.cpp(132): warning C4996: 'fopen': This function or variable may be unsafe. Consider using fopen_s instead. To disable deprecation, use _CRT_SECURE_NO_WARNINGS. See online help for details.
  c:\program files (x86)\windows kits\10\include\10.0.10240.0\ucrt\stdio.h(205): note: see declaration of 'fopen'
c:\users\konstantin.titov\desktop\algonquin opengl\my-opengl-project\opengl loader 3\src\common\helpers.cpp(143): warning C4996: 'fscanf': This function or variable may be unsafe. Consider using fscanf_s instead. To disable deprecation, use _CRT_SECURE_NO_WARNINGS. See online help for details.
  c:\program files (x86)\windows kits\10\include\10.0.10240.0\ucrt\stdio.h(1193): note: see declaration of 'fscanf'
c:\users\konstantin.titov\desktop\algonquin opengl\my-opengl-project\opengl loader 3\src\common\helpers.cpp(152): warning C4996: 'fscanf': This function or variable may be unsafe. Consider using fscanf_s instead. To disable deprecation, use _CRT_SECURE_NO_WARNINGS. See online help for details.
  c:\program files (x86)\windows kits\10\include\10.0.10240.0\ucrt\stdio.h(1193): note: see declaration of 'fscanf'
c:\users\konstantin.titov\desktop\algonquin opengl\my-opengl-project\opengl loader 3\src\common\helpers.cpp(158): warning C4996: 'fscanf': This function or variable may be unsafe. Consider using fscanf_s instead. To disable deprecation, use _CRT_SECURE_NO_WARNINGS. See online help for details.
  c:\program files (x86)\windows kits\10\include\10.0.10240.0\ucrt\stdio.h(1193): note: see declaration of 'fscanf'
c:\users\konstantin.titov\desktop\algonquin opengl\my-opengl-project\opengl loader 3\src\common\helpers.cpp(165): warning C4996: 'fscanf': This function or variable may be unsafe. Consider using fscanf_s instead. To disable deprecation, use _CRT_SECURE_NO_WARNINGS. See online help for details.
  c:\program files (x86)\windows kits\10\include\10.0.10240.0\ucrt\stdio.h(1193): note: see declaration of 'fscanf'
c:\users\konstantin.titov\desktop\algonquin opengl\my-opengl-project\opengl loader 3\src\common\helpers.cpp(172): warning C4996: 'fscanf': This function or variable may be unsafe. Consider using fscanf_s instead. To disable deprecation, use _CRT_SECURE_NO_WARNINGS. See online help for details.
  c:\program files (x86)\windows kits\10\include\10.0.10240.0\ucrt\stdio.h(1193): note: see declaration of 'fscanf'
c:\users\konstantin.titov\desktop\algonquin opengl\my-opengl-project\opengl loader 3\src\common\helpers.cpp(222): warning C4018: '<': signed/unsigned mismatch
  GameCore.cpp
  FrameBuffer.cpp
  Generating Code...
  WinOpenGL.vcxproj -> C:\Users\Konstantin.Titov\Desktop\Algonquin OpenGL\My-OpenGL-Project\OpenGL Loader 3\src\windows\Debug\WinOpenGL.exe
  WinOpenGL.vcxproj -> C:\Users\Konstantin.Titov\Desktop\Algonquin OpenGL\My-OpenGL-Project\OpenGL Loader 3\src\windows\Debug\WinOpenGL.pdb (Full PDB)
