c:\users\konstantin.titov\desktop\algonquin opengl\my-opengl-project\opengl loader 3\src\windows\winopengl\debug\vc140.pdb
c:\users\konstantin.titov\desktop\algonquin opengl\my-opengl-project\opengl loader 3\src\windows\winopengl\debug\vc140.idb
c:\users\konstantin.titov\desktop\algonquin opengl\my-opengl-project\opengl loader 3\src\windows\winopengl\debug\framebuffer.obj
c:\users\konstantin.titov\desktop\algonquin opengl\my-opengl-project\opengl loader 3\src\windows\winopengl\debug\gamecore.obj
c:\users\konstantin.titov\desktop\algonquin opengl\my-opengl-project\opengl loader 3\src\windows\winopengl\debug\helpers.obj
c:\users\konstantin.titov\desktop\algonquin opengl\my-opengl-project\opengl loader 3\src\windows\winopengl\debug\lodepng.obj
c:\users\konstantin.titov\desktop\algonquin opengl\my-opengl-project\opengl loader 3\src\windows\winopengl\debug\matrix.obj
c:\users\konstantin.titov\desktop\algonquin opengl\my-opengl-project\opengl loader 3\src\windows\winopengl\debug\resourceutils.obj
c:\users\konstantin.titov\desktop\algonquin opengl\my-opengl-project\opengl loader 3\src\windows\winopengl\debug\shaderbase.obj
c:\users\konstantin.titov\desktop\algonquin opengl\my-opengl-project\opengl loader 3\src\windows\winopengl\debug\shaderprogram.obj
c:\users\konstantin.titov\desktop\algonquin opengl\my-opengl-project\opengl loader 3\src\windows\winopengl\debug\vector.obj
c:\users\konstantin.titov\desktop\algonquin opengl\my-opengl-project\opengl loader 3\src\windows\winopengl\debug\winmain.obj
c:\users\konstantin.titov\desktop\algonquin opengl\my-opengl-project\opengl loader 3\src\windows\winopengl\debug\glextensions.obj
c:\users\konstantin.titov\desktop\algonquin opengl\my-opengl-project\opengl loader 3\src\windows\debug\winopengl.ilk
c:\users\konstantin.titov\desktop\algonquin opengl\my-opengl-project\opengl loader 3\src\windows\debug\winopengl.exe
c:\users\konstantin.titov\desktop\algonquin opengl\my-opengl-project\opengl loader 3\src\windows\debug\winopengl.pdb
c:\users\konstantin.titov\desktop\algonquin opengl\my-opengl-project\opengl loader 3\src\windows\winopengl\debug\winopengl.tlog\cl.command.1.tlog
c:\users\konstantin.titov\desktop\algonquin opengl\my-opengl-project\opengl loader 3\src\windows\winopengl\debug\winopengl.tlog\cl.read.1.tlog
c:\users\konstantin.titov\desktop\algonquin opengl\my-opengl-project\opengl loader 3\src\windows\winopengl\debug\winopengl.tlog\cl.write.1.tlog
c:\users\konstantin.titov\desktop\algonquin opengl\my-opengl-project\opengl loader 3\src\windows\winopengl\debug\winopengl.tlog\link.command.1.tlog
c:\users\konstantin.titov\desktop\algonquin opengl\my-opengl-project\opengl loader 3\src\windows\winopengl\debug\winopengl.tlog\link.read.1.tlog
c:\users\konstantin.titov\desktop\algonquin opengl\my-opengl-project\opengl loader 3\src\windows\winopengl\debug\winopengl.tlog\link.write.1.tlog
